Downloading nucleotide gb accession to taxon map... done.
Downloading nucleotide wgs accession to taxon map... done.
Downloaded accession to taxon map(s)
Downloading taxonomy tree data... done.
Uncompressing taxonomy data... done.
Untarring taxonomy tree data... done.
Masking low-complexity regions of new file... done.
Added "/students/2022-2023/master/creme_de_la_creme/kraken2/16S-genomes/bacteria.16SrRNA.fna" to library (/students/2022-2023/master/creme_de_la_creme/kraken2/kraken2-db-ncbi)
Creating sequence ID to taxonomy ID map (step 1)...
Found 25807/25807 targets, searched through 231503698 accession IDs, search complete.
Sequence ID to taxonomy ID map complete. [1m30.449s]
Estimating required capacity (step 2)...
Estimated hash table requirement: 8070580 bytes
Capacity estimation complete. [1.941s]
Building database files (step 3)...
Taxonomy parsed and converted.
CHT created with 15 bits reserved for taxid.
Completed processing of 25806 sequences, 37407092 bp
Writing data to disk...  complete.
Database files completed. [23.033s]
Database construction complete. [Total: 1m55.481s]
